<?xml version="1.0" encoding="UTF-8"?>
<testng-results ignored="0" total="0" passed="0" failed="0" skipped="0">
  <reporter-output>
  </reporter-output>
  <suite started-at="2026-02-13T11:42:45 IST" name="Suite" finished-at="2026-02-13T11:42:45 IST" duration-ms="0">
    <groups>
      <group name="Login">
        <method signature="LoginTest.logging()[pri:0, instance:testcase.LoginTest@25df00a0]" name="logging" class="testcase.LoginTest"/>
      </group> <!-- Login -->
    </groups>
  </suite> <!-- Suite -->
</testng-results>
