<?xml version="1.0" encoding="UTF-8"?>
<testsuite xmlns:xsi="http://www.w3.org/2001/XMLSchema-instance" xsi:noNamespaceSchemaLocation="https://maven.apache.org/surefire/maven-surefire-plugin/xsd/surefire-test-report.xsd" version="3.0.2" name="TestSuite" time="143.472" tests="4" errors="0" skipped="0" failures="1">
  <properties>
[...]
</properties>
  <testcase name="logging" classname="testcase.LoginTest" time="8.887">
    <system-out><![CDATA[Suite Started: Product
Suite Started: Depends on Groups
Suite Started: Payment
>>> Setup method called
>>> Setup method called
>>> Setup method called
Inside chrome block Browsername =chromeheadless
Inside chrome block Browsername =chromeheadless
Inside chrome block Browsername =chromeheadless
running in headless mode
running in headless mode
running in headless mode
Chrome Started Successfully
Driver initialized: ChromeDriver: chrome on windows (ec930b02bdbb2a2f8218648054990c33)
Test Started: Payment
Chrome Started Successfully
Driver initialized: ChromeDriver: chrome on windows (6c7adf1084764285785047cb254ca1ac)
Test Started: addProduct
Chrome Started Successfully
Driver initialized: ChromeDriver: chrome on windows (1cce89edac932f5944aa1b94d4598fed)
Test Started: logging
Driver in test: ChromeDriver: chrome on windows (1cce89edac932f5944aa1b94d4598fed)
Test Passed: logging
]]></system-out>
    <system-err><![CDATA[SLF4J(W): No SLF4J providers were found.
SLF4J(W): Defaulting to no-operation (NOP) logger implementation
SLF4J(W): See https://www.slf4j.org/codes.html#noProviders for further details.
Feb 18, 2026 7:29:35 PM org.openqa.selenium.devtools.CdpVersionFinder findNearestMatch
WARNING: Unable to find CDP implementation matching 145
Feb 18, 2026 7:29:35 PM org.openqa.selenium.devtools.CdpVersionFinder findNearestMatch
WARNING: Unable to find CDP implementation matching 145
Feb 18, 2026 7:29:35 PM org.openqa.selenium.chromium.ChromiumDriver lambda$new$4
WARNING: Unable to find version of CDP to use for 145.0.7632.75. You may need to include a dependency on a specific version of the CDP using something similar to `org.seleniumhq.selenium:selenium-devtools-v86:4.33.0` where the version ("v86") matches the version of the chromium-based browser you're using and the version number of the artifact is the same as Selenium's.
Feb 18, 2026 7:29:35 PM org.openqa.selenium.devtools.CdpVersionFinder findNearestMatch
WARNING: Unable to find CDP implementation matching 145
Feb 18, 2026 7:29:35 PM org.openqa.selenium.chromium.ChromiumDriver lambda$new$4
WARNING: Unable to find version of CDP to use for 145.0.7632.75. You may need to include a dependency on a specific version of the CDP using something similar to `org.seleniumhq.selenium:selenium-devtools-v86:4.33.0` where the version ("v86") matches the version of the chromium-based browser you're using and the version number of the artifact is the same as Selenium's.
Feb 18, 2026 7:29:35 PM org.openqa.selenium.chromium.ChromiumDriver lambda$new$4
WARNING: Unable to find version of CDP to use for 145.0.7632.75. You may need to include a dependency on a specific version of the CDP using something similar to `org.seleniumhq.selenium:selenium-devtools-v86:4.33.0` where the version ("v86") matches the version of the chromium-based browser you're using and the version number of the artifact is the same as Selenium's.
]]></system-err>
  </testcase>
  <testcase name="Payment" classname="testcase.PaymentPageTest" time="15.964">
    <failure message="element click intercepted: Element &lt;button _ngcontent-frd-c36=&quot;&quot; class=&quot;btn btn-primary&quot; style=&quot;margin-top: -20px;&quot;&gt;...&lt;/button&gt; is not clickable at point (540, 399). Other element would receive the click: &lt;div role=&quot;alert&quot; class=&quot;ng-tns-c4-2 toast-message ng-star-inserted&quot; aria-label=&quot;Product Added To Cart&quot; style=&quot;&quot;&gt;...&lt;/div&gt;&#10;  (Session info: chrome=145.0.7632.75)&#10;Build info: version: &apos;4.33.0&apos;, revision: &apos;2c6aaad03a&apos;&#10;System info: os.name: &apos;Windows 10&apos;, os.arch: &apos;amd64&apos;, os.version: &apos;10.0&apos;, java.version: &apos;17.0.1&apos;&#10;Driver info: org.openqa.selenium.chrome.ChromeDriver&#10;Command: [ec930b02bdbb2a2f8218648054990c33, clickElement {id=f.EF64FC098CC9DDD154903343FAEC9158.d.03F781D11EAD0558A831CF06DEFFAD14.e.94}]&#10;Capabilities {acceptInsecureCerts: false, browserName: chrome, browserVersion: 145.0.7632.75, chrome: {chromedriverVersion: 145.0.7632.76 (ee36f024f43a..., userDataDir: C:\Users\NAGAVE~1\AppData\L...}, fedcm:accounts: true, goog:chromeOptions: {debuggerAddress: localhost:54383}, goog:processID: 3840, networkConnectionEnabled: false, pageLoadStrategy: normal, platformName: windows, proxy: Proxy(), se:cdp: ws://localhost:54383/devtoo..., se:cdpVersion: 145.0.7632.75, setWindowRect: true, strictFileInteractability: false, timeouts: {implicit: 0, pageLoad: 300000, script: 30000}, unhandledPromptBehavior: dismiss and notify, webauthn:extension:credBlob: true, webauthn:extension:largeBlob: true, webauthn:extension:minPinLength: true, webauthn:extension:prf: true, webauthn:virtualAuthenticators: true}&#10;Element: [[ChromeDriver: chrome on windows (ec930b02bdbb2a2f8218648054990c33)] -&gt; xpath: //*[contains(@class, &apos;btn btn-primary&apos;) and contains(text(), &apos;Buy Now&apos;)]]&#10;Session ID: ec930b02bdbb2a2f8218648054990c33" type="org.openqa.selenium.ElementClickInterceptedException"><![CDATA[org.openqa.selenium.ElementClickInterceptedException: 
element click intercepted: Element <button _ngcontent-frd-c36="" class="btn btn-primary" style="margin-top: -20px;">...</button> is not clickable at point (540, 399). Other element would receive the click: <div role="alert" class="ng-tns-c4-2 toast-message ng-star-inserted" aria-label="Product Added To Cart" style="">...</div>
  (Session info: chrome=145.0.7632.75)
Build info: version: '4.33.0', revision: '2c6aaad03a'
System info: os.name: 'Windows 10', os.arch: 'amd64', os.version: '10.0', java.version: '17.0.1'
Driver info: org.openqa.selenium.chrome.ChromeDriver
Command: [ec930b02bdbb2a2f8218648054990c33, clickElement {id=f.EF64FC098CC9DDD154903343FAEC9158.d.03F781D11EAD0558A831CF06DEFFAD14.e.94}]
Capabilities {acceptInsecureCerts: false, browserName: chrome, browserVersion: 145.0.7632.75, chrome: {chromedriverVersion: 145.0.7632.76 (ee36f024f43a..., userDataDir: C:\Users\NAGAVE~1\AppData\L...}, fedcm:accounts: true, goog:chromeOptions: {debuggerAddress: localhost:54383}, goog:processID: 3840, networkConnectionEnabled: false, pageLoadStrategy: normal, platformName: windows, proxy: Proxy(), se:cdp: ws://localhost:54383/devtoo..., se:cdpVersion: 145.0.7632.75, setWindowRect: true, strictFileInteractability: false, timeouts: {implicit: 0, pageLoad: 300000, script: 30000}, unhandledPromptBehavior: dismiss and notify, webauthn:extension:credBlob: true, webauthn:extension:largeBlob: true, webauthn:extension:minPinLength: true, webauthn:extension:prf: true, webauthn:virtualAuthenticators: true}
Element: [[ChromeDriver: chrome on windows (ec930b02bdbb2a2f8218648054990c33)] -> xpath: //*[contains(@class, 'btn btn-primary') and contains(text(), 'Buy Now')]]
Session ID: ec930b02bdbb2a2f8218648054990c33
	at java.base/jdk.internal.reflect.NativeConstructorAccessorImpl.newInstance0(Native Method)
	at java.base/jdk.internal.reflect.NativeConstructorAccessorImpl.newInstance(NativeConstructorAccessorImpl.java:77)
	at java.base/jdk.internal.reflect.DelegatingConstructorAccessorImpl.newInstance(DelegatingConstructorAccessorImpl.java:45)
	at java.base/java.lang.reflect.Constructor.newInstanceWithCaller(Constructor.java:499)
	at java.base/java.lang.reflect.Constructor.newInstance(Constructor.java:480)
	at org.openqa.selenium.remote.ErrorCodec.decode(ErrorCodec.java:167)
	at org.openqa.selenium.remote.codec.w3c.W3CHttpResponseCodec.decode(W3CHttpResponseCodec.java:138)
	at org.openqa.selenium.remote.codec.w3c.W3CHttpResponseCodec.decode(W3CHttpResponseCodec.java:50)
	at org.openqa.selenium.remote.HttpCommandExecutor.execute(HttpCommandExecutor.java:215)
	at org.openqa.selenium.remote.service.DriverCommandExecutor.invokeExecute(DriverCommandExecutor.java:216)
	at org.openqa.selenium.remote.service.DriverCommandExecutor.execute(DriverCommandExecutor.java:174)
	at org.openqa.selenium.remote.RemoteWebDriver.execute(RemoteWebDriver.java:544)
	at org.openqa.selenium.remote.RemoteWebElement.execute(RemoteWebElement.java:223)
	at org.openqa.selenium.remote.RemoteWebElement.click(RemoteWebElement.java:76)
	at page.productPage.clickBuyNow(productPage.java:100)
	at testcase.PaymentPageTest.Payment(PaymentPageTest.java:26)
	at java.base/jdk.internal.reflect.NativeMethodAccessorImpl.invoke0(Native Method)
	at java.base/jdk.internal.reflect.NativeMethodAccessorImpl.invoke(NativeMethodAccessorImpl.java:77)
	at java.base/jdk.internal.reflect.DelegatingMethodAccessorImpl.invoke(DelegatingMethodAccessorImpl.java:43)
	at java.base/java.lang.reflect.Method.invoke(Method.java:568)
	at org.testng.internal.invokers.MethodInvocationHelper.invokeMethod(MethodInvocationHelper.java:141)
	at org.testng.internal.invokers.TestInvoker.invokeMethod(TestInvoker.java:697)
	at org.testng.internal.invokers.TestInvoker.invokeTestMethod(TestInvoker.java:230)
	at org.testng.internal.invokers.MethodRunner.runInSequence(MethodRunner.java:63)
	at org.testng.internal.invokers.TestInvoker$MethodInvocationAgent.invoke(TestInvoker.java:1005)
	at org.testng.internal.invokers.TestInvoker.invokeTestMethods(TestInvoker.java:203)
	at org.testng.internal.invokers.TestMethodWorker.invokeTestMethods(TestMethodWorker.java:154)
	at org.testng.internal.invokers.TestMethodWorker.run(TestMethodWorker.java:134)
	at java.base/java.util.ArrayList.forEach(ArrayList.java:1511)
	at org.testng.TestRunner.privateRun(TestRunner.java:744)
	at org.testng.TestRunner.run(TestRunner.java:616)
	at org.testng.SuiteRunner.runTest(SuiteRunner.java:421)
	at org.testng.SuiteRunner$SuiteWorker.run(SuiteRunner.java:463)
	at org.testng.internal.thread.ThreadUtil.lambda$execute$0(ThreadUtil.java:64)
	at java.base/java.util.concurrent.FutureTask.run(FutureTask.java:264)
	at java.base/java.util.concurrent.ThreadPoolExecutor.runWorker(ThreadPoolExecutor.java:1136)
	at java.base/java.util.concurrent.ThreadPoolExecutor$Worker.run(ThreadPoolExecutor.java:635)
	at java.base/java.lang.Thread.run(Thread.java:833)
]]></failure>
    <system-out><![CDATA[By.cssSelector: .mb-3
By.cssSelector: .mb-3
Clicked Add To Cart for: ZARA COAT 3
Test Failed: Payment
]]></system-out>
  </testcase>
  <testcase name="orderConfirmation" classname="testcase.OrderConfirmationPageTest" time="3.6">
    <system-out><![CDATA[TearDown Successfully!...
>>> Setup method called
Inside chrome block Browsername =chromeheadless
running in headless mode
TearDown Successfully!...
Suite Finished: Payment
Chrome Started Successfully
Driver initialized: ChromeDriver: chrome on windows (b918b0075554767efe20c02db85bc962)
Test Started: orderConfirmation
Test Passed: orderConfirmation
]]></system-out>
    <system-err><![CDATA[Feb 18, 2026 7:30:10 PM org.openqa.selenium.devtools.CdpVersionFinder findNearestMatch
WARNING: Unable to find CDP implementation matching 145
Feb 18, 2026 7:30:10 PM org.openqa.selenium.chromium.ChromiumDriver lambda$new$4
WARNING: Unable to find version of CDP to use for 145.0.7632.75. You may need to include a dependency on a specific version of the CDP using something similar to `org.seleniumhq.selenium:selenium-devtools-v86:4.33.0` where the version ("v86") matches the version of the chromium-based browser you're using and the version number of the artifact is the same as Selenium's.
]]></system-err>
  </testcase>
  <testcase name="addProduct" classname="testcase.ProductPageTest" time="66.251">
    <system-out><![CDATA[TearDown Successfully!...
Suite Finished: Depends on Groups
Clicked Add To Cart for: ZARA COAT 3
Test Passed: addProduct
]]></system-out>
  </testcase>
</testsuite>