<?xml version="1.0" encoding="UTF-8"?>
<testng-results ignored="0" total="4" passed="3" failed="1" skipped="0">
  <reporter-output>
  </reporter-output>
  <suite started-at="2026-02-18T19:06:43 IST" name="Suite" finished-at="2026-02-18T19:09:07 IST" duration-ms="143684">
    <groups>
      <group name="Login">
        <method signature="LoginTest.logging()[pri:0, instance:testcase.LoginTest@710636b0]" name="logging" class="testcase.LoginTest"/>
      </group> <!-- Login -->
    </groups>
    <test started-at="2026-02-18T19:06:43 IST" name="Depends on Groups" finished-at="2026-02-18T19:08:28 IST" duration-ms="104918">
      <class name="testcase.LoginTest">
        <test-method is-config="true" signature="setup()[pri:0, instance:testcase.LoginTest@710636b0]" started-at="2026-02-18T19:06:43 IST" name="setup" finished-at="2026-02-18T19:07:37 IST" duration-ms="53230" status="PASS">
          <reporter-output>
          </reporter-output>
        </test-method> <!-- setup -->
        <test-method signature="logging()[pri:0, instance:testcase.LoginTest@710636b0]" started-at="2026-02-18T19:07:37 IST" name="logging" finished-at="2026-02-18T19:07:38 IST" duration-ms="1658" status="PASS">
          <reporter-output>
          </reporter-output>
        </test-method> <!-- logging -->
        <test-method is-config="true" signature="teardown()[pri:0, instance:testcase.LoginTest@710636b0]" started-at="2026-02-18T19:07:38 IST" name="teardown" finished-at="2026-02-18T19:07:51 IST" duration-ms="12769" status="PASS">
          <reporter-output>
          </reporter-output>
        </test-method> <!-- teardown -->
      </class> <!-- testcase.LoginTest -->
      <class name="testcase.OrderConfirmationPageTest">
        <test-method is-config="true" signature="setup()[pri:0, instance:testcase.OrderConfirmationPageTest@dc7df28]" started-at="2026-02-18T19:07:51 IST" name="setup" finished-at="2026-02-18T19:08:01 IST" duration-ms="10148" status="PASS">
          <reporter-output>
          </reporter-output>
        </test-method> <!-- setup -->
        <test-method signature="orderConfirmation()[pri:0, instance:testcase.OrderConfirmationPageTest@dc7df28]" started-at="2026-02-18T19:08:01 IST" name="orderConfirmation" depends-on-groups="Login" finished-at="2026-02-18T19:08:10 IST" duration-ms="8970" status="PASS">
          <reporter-output>
          </reporter-output>
        </test-method> <!-- orderConfirmation -->
        <test-method is-config="true" signature="teardown()[pri:0, instance:testcase.OrderConfirmationPageTest@dc7df28]" started-at="2026-02-18T19:08:10 IST" name="teardown" finished-at="2026-02-18T19:08:28 IST" duration-ms="18008" status="PASS">
          <reporter-output>
          </reporter-output>
        </test-method> <!-- teardown -->
      </class> <!-- testcase.OrderConfirmationPageTest -->
    </test> <!-- Depends on Groups -->
    <test started-at="2026-02-18T19:06:43 IST" name="Payment" finished-at="2026-02-18T19:09:05 IST" duration-ms="141518">
      <class name="testcase.PaymentPageTest">
        <test-method is-config="true" signature="setup()[pri:0, instance:testcase.PaymentPageTest@23941fb4]" started-at="2026-02-18T19:06:43 IST" name="setup" finished-at="2026-02-18T19:07:30 IST" duration-ms="46924" status="PASS">
          <reporter-output>
          </reporter-output>
        </test-method> <!-- setup -->
        <test-method signature="Payment()[pri:0, instance:testcase.PaymentPageTest@23941fb4]" started-at="2026-02-18T19:07:30 IST" name="Payment" finished-at="2026-02-18T19:09:02 IST" duration-ms="91814" status="PASS">
          <reporter-output>
          </reporter-output>
        </test-method> <!-- Payment -->
        <test-method is-config="true" signature="teardown()[pri:0, instance:testcase.PaymentPageTest@23941fb4]" started-at="2026-02-18T19:09:02 IST" name="teardown" finished-at="2026-02-18T19:09:05 IST" duration-ms="2680" status="PASS">
          <reporter-output>
          </reporter-output>
        </test-method> <!-- teardown -->
      </class> <!-- testcase.PaymentPageTest -->
    </test> <!-- Payment -->
    <test started-at="2026-02-18T19:06:43 IST" name="Product" finished-at="2026-02-18T19:09:07 IST" duration-ms="143684">
      <class name="testcase.ProductPageTest">
        <test-method is-config="true" signature="setup()[pri:0, instance:testcase.ProductPageTest@37313c65]" started-at="2026-02-18T19:06:43 IST" name="setup" finished-at="2026-02-18T19:07:37 IST" duration-ms="53264" status="PASS">
          <reporter-output>
          </reporter-output>
        </test-method> <!-- setup -->
        <test-method signature="addProduct()[pri:0, instance:testcase.ProductPageTest@37313c65]" started-at="2026-02-18T19:07:37 IST" name="addProduct" finished-at="2026-02-18T19:09:04 IST" duration-ms="87453" status="FAIL">
          <exception class="org.openqa.selenium.TimeoutException">
            <message>
              <![CDATA[Expected condition failed: waiting for visibility of element located by By.xpath:  //div [contains(text(),'Product Added To Cart')]  (tried for 60 second(s) with 500 milliseconds interval)
Build info: version: '4.33.0', revision: '2c6aaad03a'
System info: os.name: 'Windows 10', os.arch: 'amd64', os.version: '10.0', java.version: '17.0.1'
Driver info: org.openqa.selenium.chrome.ChromeDriver
Capabilities {acceptInsecureCerts: false, browserName: chrome, browserVersion: 145.0.7632.75, chrome: {chromedriverVersion: 145.0.7632.76 (ee36f024f43a..., userDataDir: C:\Users\NAGAVE~1\AppData\L...}, fedcm:accounts: true, goog:chromeOptions: {debuggerAddress: localhost:54106}, goog:processID: 18076, networkConnectionEnabled: false, pageLoadStrategy: normal, platformName: windows, proxy: Proxy(), se:cdp: ws://localhost:54106/devtoo..., se:cdpVersion: 145.0.7632.75, setWindowRect: true, strictFileInteractability: false, timeouts: {implicit: 0, pageLoad: 300000, script: 30000}, unhandledPromptBehavior: dismiss and notify, webauthn:extension:credBlob: true, webauthn:extension:largeBlob: true, webauthn:extension:minPinLength: true, webauthn:extension:prf: true, webauthn:virtualAuthenticators: true}
Session ID: f40653eda473ef9753571cba44ec57ff]]>
            </message>
            <full-stacktrace>
              <![CDATA[org.openqa.selenium.TimeoutException: Expected condition failed: waiting for visibility of element located by By.xpath:  //div [contains(text(),'Product Added To Cart')]  (tried for 60 second(s) with 500 milliseconds interval)
Build info: version: '4.33.0', revision: '2c6aaad03a'
System info: os.name: 'Windows 10', os.arch: 'amd64', os.version: '10.0', java.version: '17.0.1'
Driver info: org.openqa.selenium.chrome.ChromeDriver
Capabilities {acceptInsecureCerts: false, browserName: chrome, browserVersion: 145.0.7632.75, chrome: {chromedriverVersion: 145.0.7632.76 (ee36f024f43a..., userDataDir: C:\Users\NAGAVE~1\AppData\L...}, fedcm:accounts: true, goog:chromeOptions: {debuggerAddress: localhost:54106}, goog:processID: 18076, networkConnectionEnabled: false, pageLoadStrategy: normal, platformName: windows, proxy: Proxy(), se:cdp: ws://localhost:54106/devtoo..., se:cdpVersion: 145.0.7632.75, setWindowRect: true, strictFileInteractability: false, timeouts: {implicit: 0, pageLoad: 300000, script: 30000}, unhandledPromptBehavior: dismiss and notify, webauthn:extension:credBlob: true, webauthn:extension:largeBlob: true, webauthn:extension:minPinLength: true, webauthn:extension:prf: true, webauthn:virtualAuthenticators: true}
Session ID: f40653eda473ef9753571cba44ec57ff
at org.openqa.selenium.support.ui.WebDriverWait.timeoutException(WebDriverWait.java:84)
at org.openqa.selenium.support.ui.FluentWait.until(FluentWait.java:228)
at support.AbstractComponent.waitForElementToAppear(AbstractComponent.java:32)
at page.productPage.addToCart(productPage.java:86)
at testcase.ProductPageTest.addProduct(ProductPageTest.java:23)
at java.base/jdk.internal.reflect.NativeMethodAccessorImpl.invoke0(Native Method)
at java.base/jdk.internal.reflect.NativeMethodAccessorImpl.invoke(NativeMethodAccessorImpl.java:77)
at java.base/jdk.internal.reflect.DelegatingMethodAccessorImpl.invoke(DelegatingMethodAccessorImpl.java:43)
at java.base/java.lang.reflect.Method.invoke(Method.java:568)
at org.testng.internal.invokers.MethodInvocationHelper.invokeMethod(MethodInvocationHelper.java:141)
at org.testng.internal.invokers.TestInvoker.invokeMethod(TestInvoker.java:697)
at org.testng.internal.invokers.TestInvoker.invokeTestMethod(TestInvoker.java:230)
at org.testng.internal.invokers.MethodRunner.runInSequence(MethodRunner.java:63)
at org.testng.internal.invokers.TestInvoker$MethodInvocationAgent.invoke(TestInvoker.java:1005)
at org.testng.internal.invokers.TestInvoker.invokeTestMethods(TestInvoker.java:203)
at org.testng.internal.invokers.TestMethodWorker.invokeTestMethods(TestMethodWorker.java:154)
at org.testng.internal.invokers.TestMethodWorker.run(TestMethodWorker.java:134)
at java.base/java.util.ArrayList.forEach(ArrayList.java:1511)
at org.testng.TestRunner.privateRun(TestRunner.java:744)
at org.testng.TestRunner.run(TestRunner.java:616)
at org.testng.SuiteRunner.runTest(SuiteRunner.java:421)
at org.testng.SuiteRunner$SuiteWorker.run(SuiteRunner.java:463)
at org.testng.internal.thread.ThreadUtil.lambda$execute$0(ThreadUtil.java:64)
at java.base/java.util.concurrent.FutureTask.run(FutureTask.java:264)
at java.base/java.util.concurrent.ThreadPoolExecutor.runWorker(ThreadPoolExecutor.java:1136)
at java.base/java.util.concurrent.ThreadPoolExecutor$Worker.run(ThreadPoolExecutor.java:635)
at java.base/java.lang.Thread.run(Thread.java:833)
]]>
            </full-stacktrace>
          </exception> <!-- org.openqa.selenium.TimeoutException -->
          <reporter-output>
          </reporter-output>
        </test-method> <!-- addProduct -->
        <test-method is-config="true" signature="teardown()[pri:0, instance:testcase.ProductPageTest@37313c65]" started-at="2026-02-18T19:09:05 IST" name="teardown" finished-at="2026-02-18T19:09:07 IST" duration-ms="2329" status="PASS">
          <reporter-output>
          </reporter-output>
        </test-method> <!-- teardown -->
      </class> <!-- testcase.ProductPageTest -->
    </test> <!-- Product -->
  </suite> <!-- Suite -->
</testng-results>
