<?xml version="1.0" encoding="UTF-8"?>
<testng-results ignored="0" total="1" passed="1" failed="0" skipped="0">
  <reporter-output>
  </reporter-output>
  <suite started-at="2026-02-18T18:57:07 IST" name="Default suite" finished-at="2026-02-18T18:57:21 IST" duration-ms="14413">
    <groups>
      <group name="Login">
        <method signature="LoginTest.logging()[pri:0, instance:testcase.LoginTest@783a467b]" name="logging" class="testcase.LoginTest"/>
      </group> <!-- Login -->
    </groups>
    <test started-at="2026-02-18T18:57:07 IST" name="Default test" finished-at="2026-02-18T18:57:21 IST" duration-ms="14413">
      <class name="testcase.LoginTest">
        <test-method is-config="true" signature="setup()[pri:0, instance:testcase.LoginTest@783a467b]" started-at="2026-02-18T18:57:07 IST" name="setup" finished-at="2026-02-18T18:57:18 IST" duration-ms="10939" status="PASS">
          <reporter-output>
          </reporter-output>
        </test-method> <!-- setup -->
        <test-method signature="logging()[pri:0, instance:testcase.LoginTest@783a467b]" started-at="2026-02-18T18:57:18 IST" name="logging" finished-at="2026-02-18T18:57:19 IST" duration-ms="1291" status="PASS">
          <reporter-output>
          </reporter-output>
        </test-method> <!-- logging -->
        <test-method is-config="true" signature="teardown()[pri:0, instance:testcase.LoginTest@783a467b]" started-at="2026-02-18T18:57:19 IST" name="teardown" finished-at="2026-02-18T18:57:21 IST" duration-ms="2111" status="PASS">
          <reporter-output>
          </reporter-output>
        </test-method> <!-- teardown -->
      </class> <!-- testcase.LoginTest -->
    </test> <!-- Default test -->
  </suite> <!-- Default suite -->
</testng-results>
