<?xml version="1.0" encoding="UTF-8"?>
<testng-results ignored="0" total="1" passed="1" failed="0" skipped="0">
  <reporter-output>
  </reporter-output>
  <suite started-at="2026-02-18T19:41:20 IST" name="Default suite" finished-at="2026-02-18T19:41:47 IST" duration-ms="26495">
    <groups>
    </groups>
    <test started-at="2026-02-18T19:41:20 IST" name="Default test" finished-at="2026-02-18T19:41:47 IST" duration-ms="26495">
      <class name="testcase.PaymentPageTest">
        <test-method is-config="true" signature="setup()[pri:0, instance:testcase.PaymentPageTest@783a467b]" started-at="2026-02-18T19:41:20 IST" name="setup" finished-at="2026-02-18T19:41:35 IST" duration-ms="14518" status="PASS">
          <reporter-output>
          </reporter-output>
        </test-method> <!-- setup -->
        <test-method signature="Payment()[pri:0, instance:testcase.PaymentPageTest@783a467b]" started-at="2026-02-18T19:41:35 IST" name="Payment" finished-at="2026-02-18T19:41:42 IST" duration-ms="7589" status="PASS">
          <reporter-output>
          </reporter-output>
        </test-method> <!-- Payment -->
        <test-method is-config="true" signature="teardown()[pri:0, instance:testcase.PaymentPageTest@783a467b]" started-at="2026-02-18T19:41:42 IST" name="teardown" finished-at="2026-02-18T19:41:47 IST" duration-ms="4312" status="PASS">
          <reporter-output>
          </reporter-output>
        </test-method> <!-- teardown -->
      </class> <!-- testcase.PaymentPageTest -->
    </test> <!-- Default test -->
  </suite> <!-- Default suite -->
</testng-results>
