<?xml version="1.0" encoding="UTF-8"?>
<!-- Generated by org.testng.reporters.JUnitReportReporter -->
<testsuite hostname="DESKTOP-BIQ8BA2" failures="0" tests="1" name="testcase.OrderConfirmationPageTest" time="0.000" errors="0" timestamp="2026-02-18T15:09:25 IST" skipped="1">
  <testcase classname="testcase.OrderConfirmationPageTest" name="orderConfirmation" time="0.000">
    <skipped/>
  </testcase> <!-- orderConfirmation -->
  <system-out/>
</testsuite> <!-- testcase.OrderConfirmationPageTest -->
